<?xml version="1.0" encoding="UTF-8"?>
<!-- Generated by org.testng.reporters.JUnitReportReporter -->
<testsuite hostname="veera" name="com.jpmorgan.simple.stocks.service.impl.SimpleStocksServiceImplTest" tests="2" failures="0" timestamp="1 Nov 2016 09:52:40 GMT" time="0.060" errors="0">
  <testcase name="getStocksDataBase" time="0.007" classname="com.jpmorgan.simple.stocks.service.impl.SimpleStocksServiceImplTest"/>
  <testcase name="calculateGBCEAllShareIndex" time="0.053" classname="com.jpmorgan.simple.stocks.service.impl.SimpleStocksServiceImplTest"/>
</testsuite> <!-- com.jpmorgan.simple.stocks.service.impl.SimpleStocksServiceImplTest -->
