<?xml version="1.0" encoding="UTF-8"?>
<!-- Generated by org.testng.reporters.JUnitReportReporter -->
<testsuite hostname="veera" name="com.jpmorgan.simple.stocks.model.StockTest" tests="8" failures="0" timestamp="1 Nov 2016 10:38:19 GMT" time="0.025" errors="0">
  <testcase name="calculatePERatioBeforeAnyTrade" time="0.003" classname="com.jpmorgan.simple.stocks.model.StockTest"/>
  <testcase name="calculateDividendYieldAfterATrade" time="0.012" classname="com.jpmorgan.simple.stocks.model.StockTest"/>
  <testcase name="calculateDividendYieldBeforeAnyTrade" time="0.001" classname="com.jpmorgan.simple.stocks.model.StockTest"/>
  <testcase name="getStockId" time="0.003" classname="com.jpmorgan.simple.stocks.model.StockTest"/>
  <testcase name="lastTradedPriceAfterATrade" time="0.003" classname="com.jpmorgan.simple.stocks.model.StockTest"/>
  <testcase name="lastTradedPriceBeforeAnyTrade" time="0.001" classname="com.jpmorgan.simple.stocks.model.StockTest"/>
  <testcase name="calculateDividendYieldPreferredStock" time="0.001" classname="com.jpmorgan.simple.stocks.model.StockTest"/>
  <testcase name="calculatePERatioAfterATrade" time="0.001" classname="com.jpmorgan.simple.stocks.model.StockTest"/>
</testsuite> <!-- com.jpmorgan.simple.stocks.model.StockTest -->
