<?xml version="1.0" encoding="UTF-8"?>
<!-- Generated by org.testng.reporters.JUnitReportReporter -->
<testsuite hostname="veera" name="com.jpmorgan.simple.stocks.util.SimpleStocksUtilTest" tests="1" failures="0" timestamp="1 Nov 2016 10:38:19 GMT" time="0.039" errors="0">
  <testcase name="loadServiceAndDatabase" time="0.039" classname="com.jpmorgan.simple.stocks.util.SimpleStocksUtilTest"/>
</testsuite> <!-- com.jpmorgan.simple.stocks.util.SimpleStocksUtilTest -->
